{"C:\\Users\\Dan\\Documents\\alchemy\\career-track\\labs\\knowoncology\\lib\\models\\User.js": {"path":"C:\\Users\\Dan\\Documents\\alchemy\\career-track\\labs\\knowoncology\\lib\\models\\User.js","statementMap":{"0":{"start":{"line":1,"column":17},"end":{"line":1,"column":36}},"1":{"start":{"line":2,"column":15},"end":{"line":2,"column":34}},"2":{"start":{"line":3,"column":12},"end":{"line":3,"column":35}},"3":{"start":{"line":5,"column":15},"end":{"line":28,"column":2}},"4":{"start":{"line":25,"column":6},"end":{"line":25,"column":30}},"5":{"start":{"line":30,"column":0},"end":{"line":32,"column":3}},"6":{"start":{"line":31,"column":2},"end":{"line":31,"column":52}},"7":{"start":{"line":34,"column":0},"end":{"line":46,"column":2}},"8":{"start":{"line":35,"column":2},"end":{"line":45,"column":3}},"9":{"start":{"line":36,"column":25},"end":{"line":36,"column":68}},"10":{"start":{"line":37,"column":4},"end":{"line":42,"column":7}},"11":{"start":{"line":44,"column":4},"end":{"line":44,"column":31}},"12":{"start":{"line":48,"column":0},"end":{"line":64,"column":2}},"13":{"start":{"line":49,"column":15},"end":{"line":49,"column":44}},"14":{"start":{"line":50,"column":2},"end":{"line":54,"column":3}},"15":{"start":{"line":51,"column":16},"end":{"line":51,"column":54}},"16":{"start":{"line":52,"column":4},"end":{"line":52,"column":21}},"17":{"start":{"line":53,"column":4},"end":{"line":53,"column":14}},"18":{"start":{"line":56,"column":24},"end":{"line":56,"column":71}},"19":{"start":{"line":57,"column":2},"end":{"line":61,"column":3}},"20":{"start":{"line":58,"column":16},"end":{"line":58,"column":54}},"21":{"start":{"line":59,"column":4},"end":{"line":59,"column":21}},"22":{"start":{"line":60,"column":4},"end":{"line":60,"column":14}},"23":{"start":{"line":63,"column":2},"end":{"line":63,"column":14}},"24":{"start":{"line":66,"column":0},"end":{"line":68,"column":2}},"25":{"start":{"line":67,"column":2},"end":{"line":67,"column":81}},"26":{"start":{"line":70,"column":0},"end":{"line":70,"column":48}}},"fnMap":{"0":{"name":"(anonymous_0)","decl":{"start":{"line":24,"column":15},"end":{"line":24,"column":16}},"loc":{"start":{"line":24,"column":29},"end":{"line":26,"column":5}},"line":24},"1":{"name":"(anonymous_1)","decl":{"start":{"line":30,"column":31},"end":{"line":30,"column":32}},"loc":{"start":{"line":30,"column":49},"end":{"line":32,"column":1}},"line":30},"2":{"name":"(anonymous_2)","decl":{"start":{"line":34,"column":29},"end":{"line":34,"column":30}},"loc":{"start":{"line":34,"column":44},"end":{"line":46,"column":1}},"line":34},"3":{"name":"(anonymous_3)","decl":{"start":{"line":48,"column":30},"end":{"line":48,"column":31}},"loc":{"start":{"line":48,"column":66},"end":{"line":64,"column":1}},"line":48},"4":{"name":"(anonymous_4)","decl":{"start":{"line":66,"column":27},"end":{"line":66,"column":28}},"loc":{"start":{"line":66,"column":37},"end":{"line":68,"column":1}},"line":66}},"branchMap":{"0":{"loc":{"start":{"line":50,"column":2},"end":{"line":54,"column":3}},"type":"if","locations":[{"start":{"line":50,"column":2},"end":{"line":54,"column":3}},{"start":{"line":50,"column":2},"end":{"line":54,"column":3}}],"line":50},"1":{"loc":{"start":{"line":57,"column":2},"end":{"line":61,"column":3}},"type":"if","locations":[{"start":{"line":57,"column":2},"end":{"line":61,"column":3}},{"start":{"line":57,"column":2},"end":{"line":61,"column":3}}],"line":57}},"s":{"0":1,"1":1,"2":1,"3":1,"4":0,"5":1,"6":2,"7":1,"8":0,"9":0,"10":0,"11":0,"12":1,"13":0,"14":0,"15":0,"16":0,"17":0,"18":0,"19":0,"20":0,"21":0,"22":0,"23":0,"24":1,"25":0,"26":1},"f":{"0":0,"1":2,"2":0,"3":0,"4":0},"b":{"0":[0,0],"1":[0,0]},"_coverageSchema":"43e27e138ebf9cfc5966b082cf9a028302ed4184","hash":"c4137f37c5087a1f702beebf5b5b400eed8287b2"}
}
